<component name="libraryTable">
  <library name="JUnit">
    <ANNOTATIONS>
      <root url="jar://$PROJECT_DIR$/Libs/JUnit libs/maven-shared-utils-3.4.2.jar!/" />
    </ANNOTATIONS>
    <CLASSES>
      <root url="jar://$PROJECT_DIR$/Libs/JUnit libs/apiguardian-api-1.1.2.jar!/" />
      <root url="jar://$PROJECT_DIR$/Libs/JUnit libs/junit-platform-engine-1.8.1.jar!/" />
      <root url="jar://$PROJECT_DIR$/Libs/JUnit libs/opentest4j-1.2.0.jar!/" />
      <root url="jar://$PROJECT_DIR$/Libs/JUnit libs/junit-jupiter-engine-5.8.1.jar!/" />
      <root url="jar://$PROJECT_DIR$/Libs/JUnit libs/junit-platform-commons-1.8.1.jar!/" />
      <root url="jar://$PROJECT_DIR$/Libs/JUnit libs/junit-jupiter-5.8.1.jar!/" />
      <root url="jar://$PROJECT_DIR$/Libs/JUnit libs/junit-jupiter-api-5.8.1.jar!/" />
      <root url="jar://$PROJECT_DIR$/Libs/JUnit libs/junit-jupiter-params-5.8.1.jar!/" />
      <root url="jar://$PROJECT_DIR$/Libs/JUnit libs/powermock-module-junit4-2.0.9.jar!/" />
      <root url="jar://$PROJECT_DIR$/Libs/JUnit libs/powermock-api-mockito2-2.0.9.jar!/" />
      <root url="jar://$PROJECT_DIR$/Libs/commons-codec-1.9.jar!/" />
      <root url="jar://$PROJECT_DIR$/Libs/mockito-core-5.14.2.jar!/" />
      <root url="jar://$PROJECT_DIR$/Libs/javafx.fxml.jar!/" />
      <root url="jar://$PROJECT_DIR$/Libs/junit-jupiter-5.9.1.jar!/" />
      <root url="jar://$PROJECT_DIR$/Libs/javafx.graphics.jar!/" />
      <root url="jar://$PROJECT_DIR$/Libs/javafx-swt.jar!/" />
      <root url="jar://$PROJECT_DIR$/Libs/slf4j-api-1.7.25.jar!/" />
      <root url="jar://$PROJECT_DIR$/Libs/httpmime-4.5.3.jar!/" />
      <root url="jar://$PROJECT_DIR$/Libs/javafx.media.jar!/" />
      <root url="jar://$PROJECT_DIR$/Libs/httpclient-4.5.3.jar!/" />
      <root url="jar://$PROJECT_DIR$/Libs/json-20160212.jar!/" />
      <root url="jar://$PROJECT_DIR$/Libs/javafx.swing.jar!/" />
      <root url="jar://$PROJECT_DIR$/Libs/httpasyncclient-4.1.3.jar!/" />
      <root url="jar://$PROJECT_DIR$/Libs/httpcore-nio-4.4.6.jar!/" />
      <root url="jar://$PROJECT_DIR$/Libs/httpcore-4.4.6.jar!/" />
      <root url="jar://$PROJECT_DIR$/Libs/unirest-java-1.8.0.jar!/" />
      <root url="jar://$PROJECT_DIR$/Libs/javafx.base.jar!/" />
      <root url="jar://$PROJECT_DIR$/Libs/commons-logging-1.2.jar!/" />
      <root url="jar://$PROJECT_DIR$/Libs/javafx.web.jar!/" />
      <root url="jar://$PROJECT_DIR$/Libs/gson-2.8.0.jar!/" />
      <root url="jar://$PROJECT_DIR$/Libs/javafx-graphics-23-linux.jar!/" />
      <root url="jar://$PROJECT_DIR$/Libs/javafx.controls.jar!/" />
      <root url="jar://$PROJECT_DIR$/Libs/javafx-base-23-linux.jar!/" />
    </CLASSES>
    <JAVADOC />
    <SOURCES>
      <root url="jar://$PROJECT_DIR$/Libs/JUnit libs/jsr305-1.3.9.jar!/" />
    </SOURCES>
  </library>
</component>