<component name="libraryTable">
  <library name="JUnit">
    <CLASSES>
      <root url="jar://$PROJECT_DIR$/Libs/JUnit libs/apiguardian-api-1.1.2.jar!/" />
      <root url="jar://$PROJECT_DIR$/Libs/JUnit libs/junit-platform-engine-1.8.1.jar!/" />
      <root url="jar://$PROJECT_DIR$/Libs/JUnit libs/opentest4j-1.2.0.jar!/" />
      <root url="jar://$PROJECT_DIR$/Libs/JUnit libs/junit-jupiter-engine-5.8.1.jar!/" />
      <root url="jar://$PROJECT_DIR$/Libs/JUnit libs/junit-platform-commons-1.8.1.jar!/" />
      <root url="jar://$PROJECT_DIR$/Libs/JUnit libs/junit-jupiter-5.8.1.jar!/" />
      <root url="jar://$PROJECT_DIR$/Libs/JUnit libs/junit-jupiter-api-5.8.1.jar!/" />
      <root url="jar://$PROJECT_DIR$/Libs/JUnit libs/junit-jupiter-params-5.8.1.jar!/" />
    </CLASSES>
    <JAVADOC />
    <SOURCES />
  </library>
</component>